c:\users\win10\desktop\gethardwaredatavsproject\gethardwaredata\gethardwaredata\x64\release\vc141.pdb
c:\users\win10\desktop\gethardwaredatavsproject\gethardwaredata\gethardwaredata\x64\release\main.obj
c:\users\win10\desktop\gethardwaredatavsproject\gethardwaredata\gethardwaredata\x64\release\gpsinfoprocesser.obj
c:\users\win10\desktop\gethardwaredatavsproject\gethardwaredata\gethardwaredata\x64\release\gpgga_gpsinfoprocesser.obj
c:\users\win10\desktop\gethardwaredatavsproject\gethardwaredata\gethardwaredata\x64\release\getgpsdata.obj
c:\users\win10\desktop\gethardwaredatavsproject\gethardwaredata\gethardwaredata\x64\release\gethardwaredata.obj
c:\users\win10\desktop\gethardwaredatavsproject\gethardwaredata\gethardwaredata\x64\release\comaccess.obj
c:\users\win10\desktop\gethardwaredatavsproject\gethardwaredata\gethardwaredata\x64\release\softtrigger.obj
c:\users\win10\desktop\gethardwaredatavsproject\gethardwaredata\gethardwaredata\x64\release\saveimagetobmp.obj
c:\users\win10\desktop\gethardwaredatavsproject\gethardwaredata\gethardwaredata\x64\release\imageconvert.obj
c:\users\win10\desktop\gethardwaredatavsproject\gethardwaredata\gethardwaredata\x64\release\common.obj
c:\users\win10\desktop\gethardwaredatavsproject\gethardwaredata\gethardwaredata\x64\release\cameraprocesser.obj
c:\users\win10\desktop\gethardwaredatavsproject\gethardwaredata\x64\release\gethardwaredata.ipdb
c:\users\win10\desktop\gethardwaredatavsproject\gethardwaredata\x64\release\gethardwaredata.iobj
c:\users\win10\desktop\gethardwaredatavsproject\gethardwaredata\x64\release\gethardwaredata.exe
c:\users\win10\desktop\gethardwaredatavsproject\gethardwaredata\x64\release\gethardwaredata.pdb
c:\users\win10\desktop\gethardwaredatavsproject\gethardwaredata\gethardwaredata\x64\release\gethardwaredata.tlog\cl.command.1.tlog
c:\users\win10\desktop\gethardwaredatavsproject\gethardwaredata\gethardwaredata\x64\release\gethardwaredata.tlog\cl.read.1.tlog
c:\users\win10\desktop\gethardwaredatavsproject\gethardwaredata\gethardwaredata\x64\release\gethardwaredata.tlog\cl.write.1.tlog
c:\users\win10\desktop\gethardwaredatavsproject\gethardwaredata\gethardwaredata\x64\release\gethardwaredata.tlog\gethardwaredata.write.1u.tlog
c:\users\win10\desktop\gethardwaredatavsproject\gethardwaredata\gethardwaredata\x64\release\gethardwaredata.tlog\link.command.1.tlog
c:\users\win10\desktop\gethardwaredatavsproject\gethardwaredata\gethardwaredata\x64\release\gethardwaredata.tlog\link.read.1.tlog
c:\users\win10\desktop\gethardwaredatavsproject\gethardwaredata\gethardwaredata\x64\release\gethardwaredata.tlog\link.write.1.tlog
