c:\users\win10\desktop\gethardwaredatavsproject\gethardwaredata\gethardwaredata\x64\debug\vc141.pdb
c:\users\win10\desktop\gethardwaredatavsproject\gethardwaredata\gethardwaredata\x64\debug\vc141.idb
c:\users\win10\desktop\gethardwaredatavsproject\gethardwaredata\gethardwaredata\x64\debug\main.obj
c:\users\win10\desktop\gethardwaredatavsproject\gethardwaredata\gethardwaredata\x64\debug\common.obj
c:\users\win10\desktop\gethardwaredatavsproject\gethardwaredata\gethardwaredata\x64\debug\softtrigger.obj
c:\users\win10\desktop\gethardwaredatavsproject\gethardwaredata\gethardwaredata\x64\debug\imageconvert.obj
c:\users\win10\desktop\gethardwaredatavsproject\gethardwaredata\gethardwaredata\x64\debug\comaccess.obj
c:\users\win10\desktop\gethardwaredatavsproject\gethardwaredata\gethardwaredata\x64\debug\getgpsdata.obj
c:\users\win10\desktop\gethardwaredatavsproject\gethardwaredata\gethardwaredata\x64\debug\gpgga_gpsinfoprocesser.obj
c:\users\win10\desktop\gethardwaredatavsproject\gethardwaredata\gethardwaredata\x64\debug\gpsinfoprocesser.obj
c:\users\win10\desktop\gethardwaredatavsproject\gethardwaredata\gethardwaredata\x64\debug\saveimagetobmp.obj
c:\users\win10\desktop\gethardwaredatavsproject\gethardwaredata\gethardwaredata\x64\debug\cameraprocesser.obj
c:\users\win10\desktop\gethardwaredatavsproject\gethardwaredata\gethardwaredata\x64\debug\gethardwaredata.obj
c:\users\win10\desktop\gethardwaredatavsproject\gethardwaredata\x64\debug\gethardwaredata.exe
c:\users\win10\desktop\gethardwaredatavsproject\gethardwaredata\x64\debug\gethardwaredata.ilk
c:\users\win10\desktop\gethardwaredatavsproject\gethardwaredata\x64\debug\gethardwaredata.pdb
c:\users\win10\desktop\gethardwaredatavsproject\gethardwaredata\gethardwaredata\x64\debug\getgpsdata.obj.enc
c:\users\win10\desktop\gethardwaredatavsproject\gethardwaredata\gethardwaredata\x64\debug\softtrigger.obj.enc
c:\users\win10\desktop\gethardwaredatavsproject\gethardwaredata\gethardwaredata\x64\debug\gethardwaredata.tlog\cl.command.1.tlog
c:\users\win10\desktop\gethardwaredatavsproject\gethardwaredata\gethardwaredata\x64\debug\gethardwaredata.tlog\cl.read.1.tlog
c:\users\win10\desktop\gethardwaredatavsproject\gethardwaredata\gethardwaredata\x64\debug\gethardwaredata.tlog\cl.write.1.tlog
c:\users\win10\desktop\gethardwaredatavsproject\gethardwaredata\gethardwaredata\x64\debug\gethardwaredata.tlog\link.command.1.tlog
c:\users\win10\desktop\gethardwaredatavsproject\gethardwaredata\gethardwaredata\x64\debug\gethardwaredata.tlog\link.read.1.tlog
c:\users\win10\desktop\gethardwaredatavsproject\gethardwaredata\gethardwaredata\x64\debug\gethardwaredata.tlog\link.write.1.tlog
